<?xml version="1.0" encoding="UTF-8"?>
<testng-results ignored="0" total="1" passed="1" failed="0" skipped="0">
  <reporter-output>
  </reporter-output>
  <suite started-at="2023-01-15T23:00:36 IST" name="Default suite" finished-at="2023-01-15T23:00:36 IST" duration-ms="235">
    <groups>
    </groups>
    <test started-at="2023-01-15T23:00:36 IST" name="Default test" finished-at="2023-01-15T23:00:36 IST" duration-ms="235">
      <class name="runner.classes.FacebookTest01">
        <test-method is-config="true" signature="driverSetup()[pri:0, instance:runner.classes.FacebookTest01@1d2adfbe]" started-at="2023-01-15T23:00:33 IST" name="driverSetup" finished-at="2023-01-15T23:00:36 IST" duration-ms="2468" status="PASS">
          <reporter-output>
          </reporter-output>
        </test-method> <!-- driverSetup -->
        <test-method signature="fbLoginTest()[pri:0, instance:runner.classes.FacebookTest01@1d2adfbe]" started-at="2023-01-15T23:00:36 IST" name="fbLoginTest" finished-at="2023-01-15T23:00:36 IST" duration-ms="214" status="PASS">
          <reporter-output>
          </reporter-output>
        </test-method> <!-- fbLoginTest -->
        <test-method is-config="true" signature="driverQuit()[pri:0, instance:runner.classes.FacebookTest01@1d2adfbe]" started-at="2023-01-15T23:00:36 IST" name="driverQuit" finished-at="2023-01-15T23:00:36 IST" duration-ms="131" status="PASS">
          <reporter-output>
          </reporter-output>
        </test-method> <!-- driverQuit -->
      </class> <!-- runner.classes.FacebookTest01 -->
    </test> <!-- Default test -->
  </suite> <!-- Default suite -->
</testng-results>
